<?xml version="1.0" encoding="UTF-8" ?>
<testsuite tests="32" failures="0" name="CreatureTest" time="0.016" errors="0" skipped="0">
  <properties>
[...]
</properties>
  <testcase classname="CreatureTest" name="testIsOpposite" time="0.016"/>
  <testcase classname="CreatureTest" name="testGetField" time="0"/>
  <testcase classname="CreatureTest" name="testGetImage" time="0"/>
  <testcase classname="CreatureTest" name="testRun" time="0"/>
  <testcase classname="CreatureTest" name="testShoot" time="0"/>
  <testcase classname="CreatureTest" name="testDead" time="0"/>
  <testcase classname="CreatureTest" name="testHurt" time="0"/>
  <testcase classname="CreatureTest" name="testMove" time="0"/>
  <testcase classname="CreatureTest" name="testGetShootTurn" time="0"/>
  <testcase classname="CreatureTest" name="testSetLocation" time="0"/>
  <testcase classname="CreatureTest" name="testGetLocation" time="0"/>
  <testcase classname="CreatureTest" name="testGetType" time="0"/>
  <testcase classname="CreatureTest" name="testGetMaxHealth" time="0"/>
  <testcase classname="CreatureTest" name="testSetShootAttack" time="0"/>
  <testcase classname="CreatureTest" name="testAttacking" time="0"/>
  <testcase classname="CreatureTest" name="testSetShootTurn" time="0"/>
  <testcase classname="CreatureTest" name="testSetAttack" time="0"/>
  <testcase classname="CreatureTest" name="testSetHealth" time="0"/>
  <testcase classname="CreatureTest" name="testGetAttack" time="0"/>
  <testcase classname="CreatureTest" name="testGetHealth" time="0"/>
  <testcase classname="CreatureTest" name="testSetMoveTurn" time="0"/>
  <testcase classname="CreatureTest" name="testGetMoveTurn" time="0"/>
  <testcase classname="CreatureTest" name="testMoveTo" time="0"/>
  <testcase classname="CreatureTest" name="testSetType" time="0"/>
  <testcase classname="CreatureTest" name="testIsAlive" time="0"/>
  <testcase classname="CreatureTest" name="testIsEnemy" time="0"/>
  <testcase classname="CreatureTest" name="testSurrounding" time="0"/>
  <testcase classname="CreatureTest" name="testGetShootAttack" time="0"/>
  <testcase classname="CreatureTest" name="testSetAlive" time="0"/>
  <testcase classname="CreatureTest" name="testSetEnemy" time="0"/>
  <testcase classname="CreatureTest" name="testSetField" time="0"/>
  <testcase classname="CreatureTest" name="testSetImage" time="0"/>
</testsuite>